<?xml version="1.0" encoding="UTF-8"?>
<!-- Generated by org.testng.reporters.JUnitReportReporter -->
<testsuite skipped="0" hostname="LAPTOP-NFK51C78" name="script.Demo1" tests="1" failures="0" timestamp="14 Oct 2021 03:19:41 GMT" time="9.801" errors="0">
  <testcase name="testA" time="9.801" classname="script.Demo1"/>
</testsuite> <!-- script.Demo1 -->
