<?xml version="1.0" encoding="UTF-8"?>
<!-- Generated by org.testng.reporters.JUnitReportReporter -->
<testsuite skipped="0" hostname="LAPTOP-NFK51C78" name="script.ValidLogin" tests="1" failures="0" timestamp="18 Oct 2021 02:55:01 GMT" time="12.360" errors="0">
  <testcase name="testValidLogin" time="12.360" classname="script.ValidLogin"/>
</testsuite> <!-- script.ValidLogin -->
