<?xml version="1.0" encoding="UTF-8"?>
<!-- Generated by org.testng.reporters.JUnitReportReporter -->
<testsuite skipped="0" hostname="LAPTOP-NFK51C78" name="script.InvalidLogin" tests="2" failures="0" timestamp="19 Oct 2021 03:24:30 GMT" time="37.480" errors="0">
  <testcase name="testInvalidLogin" time="15.513" classname="script.InvalidLogin"/>
  <testcase name="testInvalidLogin" time="21.967" classname="script.InvalidLogin"/>
</testsuite> <!-- script.InvalidLogin -->
