<?xml version="1.0" encoding="UTF-8"?>
<!-- Generated by org.testng.reporters.JUnitReportReporter -->
<testsuite skipped="0" hostname="LAPTOP-NFK51C78" name="script.ValidLogin" tests="2" failures="0" timestamp="19 Oct 2021 03:24:30 GMT" time="45.083" errors="0">
  <testcase name="testValidLogin" time="20.498" classname="script.ValidLogin"/>
  <testcase name="testValidLogin" time="24.585" classname="script.ValidLogin"/>
</testsuite> <!-- script.ValidLogin -->
